<?xml version="1.0" encoding="UTF-8"?>
<!-- Generated by org.testng.reporters.JUnitReportReporter -->
<testsuite skipped="0" hostname="Melbas-MacBook-Pro.local" name="com.org.ui.TestRunner" tests="4" failures="0" timestamp="2021-03-20T15:17:04 GMT" time="12.130" errors="0">
  <testcase name="runScenario" time="1.633" classname="com.org.ui.TestRunner"/>
  <system-out/>
  <testcase name="runScenario" time="0.698" classname="com.org.ui.TestRunner"/>
  <system-out/>
  <testcase name="runScenario" time="9.688" classname="com.org.ui.TestRunner"/>
  <system-out/>
  <testcase name="runScenario" time="0.111" classname="com.org.ui.TestRunner"/>
  <system-out/>
</testsuite> <!-- com.org.ui.TestRunner -->
